  Uic'ing ui\editwindow.ui...
  editwindow.cpp
C:\Myproject\QScreenShot\include\Common\GlobalVariable.h(11,2): warning C4091: “extern ”: 没有声明变量时忽略“OptionTypeEnum”的左侧
C:\Myproject\QScreenShot\include\AntLine.h(1,1): warning C4828: 文件包含在偏移 0xcb 处开始的字符，该字符在当前源字符集中无效(代码页 65001)。
C:\Myproject\QScreenShot\include\AntLine.h(1,1): warning C4828: 文件包含在偏移 0xcd 处开始的字符，该字符在当前源字符集中无效(代码页 65001)。
C:\Myproject\QScreenShot\include\AntLine.h(1,1): warning C4828: 文件包含在偏移 0xcf 处开始的字符，该字符在当前源字符集中无效(代码页 65001)。
C:\Myproject\QScreenShot\include\AntLine.h(1,1): warning C4828: 文件包含在偏移 0xd0 处开始的字符，该字符在当前源字符集中无效(代码页 65001)。
C:\Myproject\QScreenShot\include\AntLine.h(1,1): warning C4828: 文件包含在偏移 0xd1 处开始的字符，该字符在当前源字符集中无效(代码页 65001)。
C:\Myproject\QScreenShot\include\AntLine.h(1,1): warning C4828: 文件包含在偏移 0xd2 处开始的字符，该字符在当前源字符集中无效(代码页 65001)。
C:\Myproject\QScreenShot\include\AntLine.h(1,1): warning C4828: 文件包含在偏移 0xe7 处开始的字符，该字符在当前源字符集中无效(代码页 65001)。
C:\Myproject\QScreenShot\include\AntLine.h(1,1): warning C4828: 文件包含在偏移 0xe9 处开始的字符，该字符在当前源字符集中无效(代码页 65001)。
C:\Myproject\QScreenShot\include\AntLine.h(1,1): warning C4828: 文件包含在偏移 0xeb 处开始的字符，该字符在当前源字符集中无效(代码页 65001)。
C:\Myproject\QScreenShot\include\AntLine.h(1,1): warning C4828: 文件包含在偏移 0xec 处开始的字符，该字符在当前源字符集中无效(代码页 65001)。
C:\Myproject\QScreenShot\include\AntLine.h(1,1): warning C4828: 文件包含在偏移 0x107 处开始的字符，该字符在当前源字符集中无效(代码页 65001)。
C:\Myproject\QScreenShot\include\AntLine.h(1,1): warning C4828: 文件包含在偏移 0x108 处开始的字符，该字符在当前源字符集中无效(代码页 65001)。
C:\Myproject\QScreenShot\include\AntLine.h(1,1): warning C4828: 文件包含在偏移 0x10c 处开始的字符，该字符在当前源字符集中无效(代码页 65001)。
C:\Myproject\QScreenShot\include\AntLine.h(1,1): warning C4828: 文件包含在偏移 0x10d 处开始的字符，该字符在当前源字符集中无效(代码页 65001)。
C:\Myproject\QScreenShot\include\AntLine.h(1,1): warning C4828: 文件包含在偏移 0x110 处开始的字符，该字符在当前源字符集中无效(代码页 65001)。
C:\Myproject\QScreenShot\include\AntLine.h(1,1): warning C4828: 文件包含在偏移 0x111 处开始的字符，该字符在当前源字符集中无效(代码页 65001)。
C:\Myproject\QScreenShot\include\AntLine.h(1,1): warning C4828: 文件包含在偏移 0x112 处开始的字符，该字符在当前源字符集中无效(代码页 65001)。
C:\Myproject\QScreenShot\include\AntLine.h(1,1): warning C4828: 文件包含在偏移 0x128 处开始的字符，该字符在当前源字符集中无效(代码页 65001)。
C:\Myproject\QScreenShot\include\AntLine.h(1,1): warning C4828: 文件包含在偏移 0x12a 处开始的字符，该字符在当前源字符集中无效(代码页 65001)。
C:\Myproject\QScreenShot\include\AntLine.h(1,1): warning C4828: 文件包含在偏移 0x12c 处开始的字符，该字符在当前源字符集中无效(代码页 65001)。
C:\Myproject\QScreenShot\include\AntLine.h(1,1): warning C4828: 文件包含在偏移 0x12d 处开始的字符，该字符在当前源字符集中无效(代码页 65001)。
C:\Myproject\QScreenShot\include\AntLine.h(1,1): warning C4828: 文件包含在偏移 0x131 处开始的字符，该字符在当前源字符集中无效(代码页 65001)。
C:\Myproject\QScreenShot\include\AntLine.h(1,1): warning C4828: 文件包含在偏移 0x135 处开始的字符，该字符在当前源字符集中无效(代码页 65001)。
C:\Myproject\QScreenShot\include\AntLine.h(1,1): warning C4828: 文件包含在偏移 0x14c 处开始的字符，该字符在当前源字符集中无效(代码页 65001)。
C:\Myproject\QScreenShot\include\AntLine.h(1,1): warning C4828: 文件包含在偏移 0x14e 处开始的字符，该字符在当前源字符集中无效(代码页 65001)。
C:\Myproject\QScreenShot\include\AntLine.h(1,1): warning C4828: 文件包含在偏移 0x150 处开始的字符，该字符在当前源字符集中无效(代码页 65001)。
C:\Myproject\QScreenShot\include\AntLine.h(1,1): warning C4828: 文件包含在偏移 0x1bf 处开始的字符，该字符在当前源字符集中无效(代码页 65001)。
C:\Myproject\QScreenShot\include\AntLine.h(1,1): warning C4828: 文件包含在偏移 0x1c0 处开始的字符，该字符在当前源字符集中无效(代码页 65001)。
C:\Myproject\QScreenShot\include\AntLine.h(1,1): warning C4828: 文件包含在偏移 0x1c1 处开始的字符，该字符在当前源字符集中无效(代码页 65001)。
C:\Myproject\QScreenShot\include\AntLine.h(1,1): warning C4828: 文件包含在偏移 0x1c3 处开始的字符，该字符在当前源字符集中无效(代码页 65001)。
C:\Myproject\QScreenShot\include\AntLine.h(1,1): warning C4828: 文件包含在偏移 0x1c4 处开始的字符，该字符在当前源字符集中无效(代码页 65001)。
C:\Myproject\QScreenShot\include\AntLine.h(1,1): warning C4828: 文件包含在偏移 0x1c7 处开始的字符，该字符在当前源字符集中无效(代码页 65001)。
C:\Myproject\QScreenShot\include\AntLine.h(1,1): warning C4828: 文件包含在偏移 0x31c 处开始的字符，该字符在当前源字符集中无效(代码页 65001)。
C:\Myproject\QScreenShot\include\AntLine.h(1,1): warning C4828: 文件包含在偏移 0x31e 处开始的字符，该字符在当前源字符集中无效(代码页 65001)。
C:\Myproject\QScreenShot\include\AntLine.h(1,1): warning C4828: 文件包含在偏移 0x320 处开始的字符，该字符在当前源字符集中无效(代码页 65001)。
C:\Myproject\QScreenShot\include\AntLine.h(1,1): warning C4828: 文件包含在偏移 0x322 处开始的字符，该字符在当前源字符集中无效(代码页 65001)。
C:\Myproject\QScreenShot\include\AntLine.h(1,1): warning C4828: 文件包含在偏移 0x324 处开始的字符，该字符在当前源字符集中无效(代码页 65001)。
C:\Myproject\QScreenShot\include\AntLine.h(1,1): warning C4828: 文件包含在偏移 0x325 处开始的字符，该字符在当前源字符集中无效(代码页 65001)。
C:\Myproject\QScreenShot\include\AntLine.h(1,1): warning C4828: 文件包含在偏移 0x326 处开始的字符，该字符在当前源字符集中无效(代码页 65001)。
C:\Myproject\QScreenShot\include\AntLine.h(1,1): warning C4828: 文件包含在偏移 0x327 处开始的字符，该字符在当前源字符集中无效(代码页 65001)。
C:\Myproject\QScreenShot\include\AntLine.h(1,1): warning C4828: 文件包含在偏移 0x34d 处开始的字符，该字符在当前源字符集中无效(代码页 65001)。
C:\Myproject\QScreenShot\include\AntLine.h(1,1): warning C4828: 文件包含在偏移 0x34f 处开始的字符，该字符在当前源字符集中无效(代码页 65001)。
C:\Myproject\QScreenShot\include\AntLine.h(1,1): warning C4828: 文件包含在偏移 0x351 处开始的字符，该字符在当前源字符集中无效(代码页 65001)。
C:\Myproject\QScreenShot\include\AntLine.h(1,1): warning C4828: 文件包含在偏移 0x353 处开始的字符，该字符在当前源字符集中无效(代码页 65001)。
C:\Myproject\QScreenShot\include\AntLine.h(1,1): warning C4828: 文件包含在偏移 0x355 处开始的字符，该字符在当前源字符集中无效(代码页 65001)。
C:\Myproject\QScreenShot\include\AntLine.h(1,1): warning C4828: 文件包含在偏移 0x356 处开始的字符，该字符在当前源字符集中无效(代码页 65001)。
C:\Myproject\QScreenShot\include\AntLine.h(1,1): warning C4828: 文件包含在偏移 0x382 处开始的字符，该字符在当前源字符集中无效(代码页 65001)。
C:\Myproject\QScreenShot\include\AntLine.h(1,1): warning C4828: 文件包含在偏移 0x384 处开始的字符，该字符在当前源字符集中无效(代码页 65001)。
C:\Myproject\QScreenShot\include\AntLine.h(1,1): warning C4828: 文件包含在偏移 0x386 处开始的字符，该字符在当前源字符集中无效(代码页 65001)。
C:\Myproject\QScreenShot\include\AntLine.h(1,1): warning C4828: 文件包含在偏移 0x388 处开始的字符，该字符在当前源字符集中无效(代码页 65001)。
C:\Myproject\QScreenShot\include\AntLine.h(1,1): warning C4828: 文件包含在偏移 0x38a 处开始的字符，该字符在当前源字符集中无效(代码页 65001)。
C:\Myproject\QScreenShot\include\AntLine.h(1,1): warning C4828: 文件包含在偏移 0x38b 处开始的字符，该字符在当前源字符集中无效(代码页 65001)。
C:\Myproject\QScreenShot\include\AntLine.h(1,1): warning C4828: 文件包含在偏移 0x38c 处开始的字符，该字符在当前源字符集中无效(代码页 65001)。
C:\Myproject\QScreenShot\include\AntLine.h(1,1): warning C4828: 文件包含在偏移 0x38d 处开始的字符，该字符在当前源字符集中无效(代码页 65001)。
C:\Myproject\QScreenShot\include\AntLine.h(1,1): warning C4828: 文件包含在偏移 0x3b5 处开始的字符，该字符在当前源字符集中无效(代码页 65001)。
C:\Myproject\QScreenShot\include\AntLine.h(1,1): warning C4828: 文件包含在偏移 0x3b7 处开始的字符，该字符在当前源字符集中无效(代码页 65001)。
C:\Myproject\QScreenShot\include\AntLine.h(1,1): warning C4828: 文件包含在偏移 0x3b9 处开始的字符，该字符在当前源字符集中无效(代码页 65001)。
C:\Myproject\QScreenShot\include\AntLine.h(1,1): warning C4828: 文件包含在偏移 0x3bb 处开始的字符，该字符在当前源字符集中无效(代码页 65001)。
C:\Myproject\QScreenShot\include\AntLine.h(1,1): warning C4828: 文件包含在偏移 0x3bd 处开始的字符，该字符在当前源字符集中无效(代码页 65001)。
C:\Myproject\QScreenShot\include\AntLine.h(1,1): warning C4828: 文件包含在偏移 0x3bf 处开始的字符，该字符在当前源字符集中无效(代码页 65001)。
C:\Myproject\QScreenShot\include\AntLine.h(1,1): warning C4828: 文件包含在偏移 0x3c0 处开始的字符，该字符在当前源字符集中无效(代码页 65001)。
C:\Myproject\QScreenShot\include\AntLine.h(1,1): warning C4828: 文件包含在偏移 0x3ea 处开始的字符，该字符在当前源字符集中无效(代码页 65001)。
C:\Myproject\QScreenShot\include\AntLine.h(1,1): warning C4828: 文件包含在偏移 0x3ec 处开始的字符，该字符在当前源字符集中无效(代码页 65001)。
C:\Myproject\QScreenShot\include\AntLine.h(1,1): warning C4828: 文件包含在偏移 0x3ee 处开始的字符，该字符在当前源字符集中无效(代码页 65001)。
C:\Myproject\QScreenShot\include\AntLine.h(1,1): warning C4828: 文件包含在偏移 0x3f0 处开始的字符，该字符在当前源字符集中无效(代码页 65001)。
C:\Myproject\QScreenShot\include\AntLine.h(1,1): warning C4828: 文件包含在偏移 0x3f2 处开始的字符，该字符在当前源字符集中无效(代码页 65001)。
C:\Myproject\QScreenShot\source\editwindow.cpp(40,9): warning C4189: “tabindex”: 局部变量已初始化但不引用
C:\Myproject\QScreenShot\source\editwindow.cpp(86,9): warning C4189: “tabIndex”: 局部变量已初始化但不引用
C:\Myproject\QScreenShot\source\editwindow.cpp(225,10): warning C4189: “res”: 局部变量已初始化但不引用
C:\Myproject\QScreenShot\source\editwindow.cpp(220,10): warning C4189: “bOk”: 局部变量已初始化但不引用
  QScreenShot.vcxproj -> C:\Myproject\QScreenShot\debug\QScreenShot.exe
