c:\myproject\qscreenshot\debug\moc_predefs.h
c:\myproject\qscreenshot\debug\moc_colorvalue.cpp
c:\myproject\qscreenshot\debug\moc_editwindow.cpp
c:\myproject\qscreenshot\debug\moc_fixedsizeform.cpp
c:\myproject\qscreenshot\debug\moc_formtimer.cpp
c:\myproject\qscreenshot\debug\moc_mainwindow.cpp
c:\myproject\qscreenshot\debug\moc_screenview.cpp
c:\myproject\qscreenshot\debug\moc_setting.cpp
c:\myproject\qscreenshot\ui_colorvalue.h
c:\myproject\qscreenshot\ui_editwindow.h
c:\myproject\qscreenshot\ui_fixedsizeform.h
c:\myproject\qscreenshot\ui_formtimer.h
c:\myproject\qscreenshot\ui_mainwindow.h
c:\myproject\qscreenshot\ui_screenview.h
c:\myproject\qscreenshot\ui_setting.h
c:\myproject\qscreenshot\debug\qrc_resource.cpp
c:\myproject\qscreenshot\debug\qscreenshot.tlog\custombuild.command.1.tlog
c:\myproject\qscreenshot\debug\qscreenshot.tlog\custombuild.read.1.tlog
c:\myproject\qscreenshot\debug\qscreenshot.tlog\custombuild.write.1.tlog
c:\myproject\qscreenshot\debug\qscreenshot.tlog\moc.read.1u.tlog
c:\myproject\qscreenshot\debug\qscreenshot.tlog\moc.write.1u.tlog
c:\myproject\qscreenshot\debug\qscreenshot.tlog\qscreenshot.write.1u.tlog
c:\myproject\qscreenshot\debug\qscreenshot.tlog\rcc.read.1u.tlog
c:\myproject\qscreenshot\debug\qscreenshot.tlog\rcc.write.1u.tlog
c:\myproject\qscreenshot\debug\qscreenshot.tlog\uic.read.1u.tlog
c:\myproject\qscreenshot\debug\qscreenshot.tlog\uic.write.1u.tlog
