c:\myproject\qscreenshot\release\moc_colorvalue.cpp
c:\myproject\qscreenshot\release\moc_editwindow.cpp
c:\myproject\qscreenshot\release\moc_fixedsizeform.cpp
c:\myproject\qscreenshot\release\moc_formtimer.cpp
c:\myproject\qscreenshot\release\moc_mainwindow.cpp
c:\myproject\qscreenshot\release\moc_screenview.cpp
c:\myproject\qscreenshot\release\moc_setting.cpp
c:\myproject\qscreenshot\ui_colorvalue.h
c:\myproject\qscreenshot\ui_dialog.h
c:\myproject\qscreenshot\ui_editwindow.h
c:\myproject\qscreenshot\ui_fixedsizeform.h
c:\myproject\qscreenshot\ui_formtimer.h
c:\myproject\qscreenshot\ui_mainwindow.h
c:\myproject\qscreenshot\ui_screenview.h
c:\myproject\qscreenshot\ui_setting.h
c:\myproject\qscreenshot\release\qrc_resource.cpp
c:\myproject\qscreenshot\release\qscreenshot.tlog\moc.read.1u.tlog
c:\myproject\qscreenshot\release\qscreenshot.tlog\moc.write.1u.tlog
c:\myproject\qscreenshot\release\qscreenshot.tlog\qscreenshot.write.1u.tlog
c:\myproject\qscreenshot\release\qscreenshot.tlog\rcc.read.1u.tlog
c:\myproject\qscreenshot\release\qscreenshot.tlog\rcc.write.1u.tlog
c:\myproject\qscreenshot\release\qscreenshot.tlog\uic.read.1u.tlog
c:\myproject\qscreenshot\release\qscreenshot.tlog\uic.write.1u.tlog
